<?xml version="1.0" encoding="UTF-8"?>
<!-- Generated by org.testng.reporters.JUnitReportReporter -->
<testsuite name="appium" tests="1" time="76.369" ignored="0" failures="0" timestamp="21 Jan 2019 07:27:51 GMT" skipped="0" hostname="itisgs-iMac.local" errors="0">
  <testcase name="salidoPOS" time="76.369" classname="appium"/>
</testsuite> <!-- appium -->
